c:\users\kims\desktop\adventure game\adventure_game\debug\vc142.pdb
c:\users\kims\desktop\adventure game\adventure_game\debug\vc142.idb
c:\users\kims\desktop\adventure game\adventure_game\debug\zone.obj
c:\users\kims\desktop\adventure game\adventure_game\debug\screentools.obj
c:\users\kims\desktop\adventure game\adventure_game\debug\renderer.obj
c:\users\kims\desktop\adventure game\adventure_game\debug\player.obj
c:\users\kims\desktop\adventure game\adventure_game\debug\movement.obj
c:\users\kims\desktop\adventure game\adventure_game\debug\mainscreen.obj
c:\users\kims\desktop\adventure game\adventure_game\debug\combat.obj
c:\users\kims\desktop\adventure game\adventure_game\debug\gameengine.obj
c:\users\kims\desktop\adventure game\adventure_game\debug\consolesize.obj
c:\users\kims\desktop\adventure game\adventure_game\debug\adventure_game.obj
c:\users\kims\desktop\adventure game\adventure_game\debug\adventure_game.ilk
c:\users\kims\desktop\adventure game\adventure_game\debug\adventure_game.exe
c:\users\kims\desktop\adventure game\adventure_game\debug\adventure_game.pdb
c:\users\kims\desktop\adventure game\adventure_game\debug\adventure_game.res
c:\users\kims\desktop\adventure game\adventure_game\debug\adventure_game.tlog\cl.command.1.tlog
c:\users\kims\desktop\adventure game\adventure_game\debug\adventure_game.tlog\cl.read.1.tlog
c:\users\kims\desktop\adventure game\adventure_game\debug\adventure_game.tlog\cl.write.1.tlog
c:\users\kims\desktop\adventure game\adventure_game\debug\adventure_game.tlog\link.command.1.tlog
c:\users\kims\desktop\adventure game\adventure_game\debug\adventure_game.tlog\link.read.1.tlog
c:\users\kims\desktop\adventure game\adventure_game\debug\adventure_game.tlog\link.write.1.tlog
c:\users\kims\desktop\adventure game\adventure_game\debug\adventure_game.tlog\rc.command.1.tlog
c:\users\kims\desktop\adventure game\adventure_game\debug\adventure_game.tlog\rc.read.1.tlog
c:\users\kims\desktop\adventure game\adventure_game\debug\adventure_game.tlog\rc.write.1.tlog
